# JRE version: Java(TM) SE Runtime Environment (8.0_171-b11) (build 1.8.0_171-b11)
# Java VM: Java HotSpot(TM) 64-Bit Server VM (25.171-b11 mixed mode windows-amd64 compressed oops)
Heap:
 PSYoungGen      total 305152K, used 89107K [0x000000076b780000, 0x0000000786a00000, 0x00000007c0000000)
  eden space 270848K, 28% used [0x000000076b780000,0x000000077041ccb8,0x000000077c000000)
  from space 34304K, 31% used [0x000000077c000000,0x000000077ca68048,0x000000077e180000)
  to   space 33792K, 0% used [0x0000000784900000,0x0000000784900000,0x0000000786a00000)
 ParOldGen       total 163840K, used 35121K [0x00000006c2600000, 0x00000006cc600000, 0x000000076b780000)
  object space 163840K, 21% used [0x00000006c2600000,0x00000006c484c538,0x00000006cc600000)
 Metaspace       used 45143K, capacity 45904K, committed 46248K, reserved 1089536K
  class space    used 5288K, capacity 5516K, committed 5552K, reserved 1048576K
GC Heap History (10 events):
Event: 25.962 GC heap before
{Heap before GC invocations=11 (full 1):
 PSYoungGen      total 172032K, used 172020K [0x000000076b780000, 0x000000077b500000, 0x00000007c0000000)
  eden space 148992K, 100% used [0x000000076b780000,0x0000000774900000,0x0000000774900000)
  from space 23040K, 99% used [0x0000000774900000,0x0000000775f7d018,0x0000000775f80000)
  to   space 28160K, 0% used [0x0000000779980000,0x0000000779980000,0x000000077b500000)
 ParOldGen       total 109056K, used 32379K [0x00000006c2600000, 0x00000006c9080000, 0x000000076b780000)
  object space 109056K, 29% used [0x00000006c2600000,0x00000006c459eeb8,0x00000006c9080000)
 Metaspace       used 24169K, capacity 24758K, committed 25008K, reserved 1071104K
  class space    used 2797K, capacity 2968K, committed 2992K, reserved 1048576K
Event: 26.003 GC heap after
Heap after GC invocations=11 (full 1):
 PSYoungGen      total 228352K, used 26452K [0x000000076b780000, 0x000000077be80000, 0x00000007c0000000)
  eden space 200192K, 0% used [0x000000076b780000,0x000000076b780000,0x0000000777b00000)
  from space 28160K, 93% used [0x0000000779980000,0x000000077b355058,0x000000077b500000)
  to   space 31232K, 0% used [0x0000000777b00000,0x0000000777b00000,0x0000000779980000)
 ParOldGen       total 109056K, used 35359K [0x00000006c2600000, 0x00000006c9080000, 0x000000076b780000)
  object space 109056K, 32% used [0x00000006c2600000,0x00000006c4887ff8,0x00000006c9080000)
 Metaspace       used 24169K, capacity 24758K, committed 25008K, reserved 1071104K
  class space    used 2797K, capacity 2968K, committed 2992K, reserved 1048576K
}
Event: 26.983 GC heap before
{Heap before GC invocations=12 (full 1):
 PSYoungGen      total 228352K, used 226644K [0x000000076b780000, 0x000000077be80000, 0x00000007c0000000)
  eden space 200192K, 100% used [0x000000076b780000,0x0000000777b00000,0x0000000777b00000)
  from space 28160K, 93% used [0x0000000779980000,0x000000077b355058,0x000000077b500000)
  to   space 31232K, 0% used [0x0000000777b00000,0x0000000777b00000,0x0000000779980000)
 ParOldGen       total 109056K, used 35359K [0x00000006c2600000, 0x00000006c9080000, 0x000000076b780000)
  object space 109056K, 32% used [0x00000006c2600000,0x00000006c4887ff8,0x00000006c9080000)
 Metaspace       used 24172K, capacity 24758K, committed 25008K, reserved 1071104K
  class space    used 2797K, capacity 2968K, committed 2992K, reserved 1048576K
Event: 27.028 GC heap after
Heap after GC invocations=12 (full 1):
 PSYoungGen      total 231424K, used 31121K [0x000000076b780000, 0x0000000780b80000, 0x00000007c0000000)
  eden space 200192K, 0% used [0x000000076b780000,0x000000076b780000,0x0000000777b00000)
  from space 31232K, 99% used [0x0000000777b00000,0x0000000779964440,0x0000000779980000)
  to   space 34816K, 0% used [0x000000077e980000,0x000000077e980000,0x0000000780b80000)
 ParOldGen       total 109056K, used 41468K [0x00000006c2600000, 0x00000006c9080000, 0x000000076b780000)
  object space 109056K, 38% used [0x00000006c2600000,0x00000006c4e7f100,0x00000006c9080000)
 Metaspace       used 24172K, capacity 24758K, committed 25008K, reserved 1071104K
  class space    used 2797K, capacity 2968K, committed 2992K, reserved 1048576K
}
Event: 33.297 GC heap before
{Heap before GC invocations=13 (full 1):
 PSYoungGen      total 231424K, used 158874K [0x000000076b780000, 0x0000000780b80000, 0x00000007c0000000)
  eden space 200192K, 63% used [0x000000076b780000,0x00000007734424f0,0x0000000777b00000)
  from space 31232K, 99% used [0x0000000777b00000,0x0000000779964440,0x0000000779980000)
  to   space 34816K, 0% used [0x000000077e980000,0x000000077e980000,0x0000000780b80000)
 ParOldGen       total 109056K, used 41468K [0x00000006c2600000, 0x00000006c9080000, 0x000000076b780000)
  object space 109056K, 38% used [0x00000006c2600000,0x00000006c4e7f100,0x00000006c9080000)
 Metaspace       used 34470K, capacity 35130K, committed 35496K, reserved 1081344K
  class space    used 4041K, capacity 4247K, committed 4272K, reserved 1048576K
Event: 33.310 GC heap after
Heap after GC invocations=13 (full 1):
 PSYoungGen      total 296960K, used 11875K [0x000000076b780000, 0x0000000780300000, 0x00000007c0000000)
  eden space 270848K, 0% used [0x000000076b780000,0x000000076b780000,0x000000077c000000)
  from space 26112K, 45% used [0x000000077e980000,0x000000077f518c18,0x0000000780300000)
  to   space 34304K, 0% used [0x000000077c000000,0x000000077c000000,0x000000077e180000)
 ParOldGen       total 109056K, used 46818K [0x00000006c2600000, 0x00000006c9080000, 0x000000076b780000)
  object space 109056K, 42% used [0x00000006c2600000,0x00000006c53b8aa8,0x00000006c9080000)
 Metaspace       used 34470K, capacity 35130K, committed 35496K, reserved 1081344K
  class space    used 4041K, capacity 4247K, committed 4272K, reserved 1048576K
}
Event: 33.310 GC heap before
{Heap before GC invocations=14 (full 2):
 PSYoungGen      total 296960K, used 11875K [0x000000076b780000, 0x0000000780300000, 0x00000007c0000000)
  eden space 270848K, 0% used [0x000000076b780000,0x000000076b780000,0x000000077c000000)
  from space 26112K, 45% used [0x000000077e980000,0x000000077f518c18,0x0000000780300000)
  to   space 34304K, 0% used [0x000000077c000000,0x000000077c000000,0x000000077e180000)
 ParOldGen       total 109056K, used 46818K [0x00000006c2600000, 0x00000006c9080000, 0x000000076b780000)
  object space 109056K, 42% used [0x00000006c2600000,0x00000006c53b8aa8,0x00000006c9080000)
 Metaspace       used 34470K, capacity 35130K, committed 35496K, reserved 1081344K
  class space    used 4041K, capacity 4247K, committed 4272K, reserved 1048576K
Event: 33.365 GC heap after
Heap after GC invocations=14 (full 2):
 PSYoungGen      total 296960K, used 0K [0x000000076b780000, 0x0000000780300000, 0x00000007c0000000)
  eden space 270848K, 0% used [0x000000076b780000,0x000000076b780000,0x000000077c000000)
  from space 26112K, 0% used [0x000000077e980000,0x000000077e980000,0x0000000780300000)
  to   space 34304K, 0% used [0x000000077c000000,0x000000077c000000,0x000000077e180000)
 ParOldGen       total 163840K, used 35113K [0x00000006c2600000, 0x00000006cc600000, 0x000000076b780000)
  object space 163840K, 21% used [0x00000006c2600000,0x00000006c484a538,0x00000006cc600000)
 Metaspace       used 34470K, capacity 35130K, committed 35496K, reserved 1081344K
  class space    used 4041K, capacity 4247K, committed 4272K, reserved 1048576K
}
Event: 35.000 GC heap before
{Heap before GC invocations=15 (full 2):
 PSYoungGen      total 296960K, used 270848K [0x000000076b780000, 0x0000000780300000, 0x00000007c0000000)
  eden space 270848K, 100% used [0x000000076b780000,0x000000077c000000,0x000000077c000000)
  from space 26112K, 0% used [0x000000077e980000,0x000000077e980000,0x0000000780300000)
  to   space 34304K, 0% used [0x000000077c000000,0x000000077c000000,0x000000077e180000)
 ParOldGen       total 163840K, used 35113K [0x00000006c2600000, 0x00000006cc600000, 0x000000076b780000)
  object space 163840K, 21% used [0x00000006c2600000,0x00000006c484a538,0x00000006cc600000)
 Metaspace       used 42537K, capacity 43354K, committed 43688K, reserved 1087488K
  class space    used 4960K, capacity 5223K, committed 5296K, reserved 1048576K
Event: 35.011 GC heap after
Heap after GC invocations=15 (full 2):
 PSYoungGen      total 305152K, used 10656K [0x000000076b780000, 0x0000000786a00000, 0x00000007c0000000)
  eden space 270848K, 0% used [0x000000076b780000,0x000000076b780000,0x000000077c000000)
  from space 34304K, 31% used [0x000000077c000000,0x000000077ca68048,0x000000077e180000)
  to   space 33792K, 0% used [0x0000000784900000,0x0000000784900000,0x0000000786a00000)
 ParOldGen       total 163840K, used 35121K [0x00000006c2600000, 0x00000006cc600000, 0x000000076b780000)
  object space 163840K, 21% used [0x00000006c2600000,0x00000006c484c538,0x00000006cc600000)
 Metaspace       used 42537K, capacity 43354K, committed 43688K, reserved 1087488K
  class space    used 4960K, capacity 5223K, committed 5296K, reserved 1048576K
}

