# JRE version: Java(TM) SE Runtime Environment (8.0_171-b11) (build 1.8.0_171-b11)
# Java VM: Java HotSpot(TM) 64-Bit Server VM (25.171-b11 mixed mode windows-amd64 compressed oops)
Heap:
 PSYoungGen      total 476672K, used 96107K [0x000000076b780000, 0x0000000798200000, 0x00000007c0000000)
  eden space 432640K, 22% used [0x000000076b780000,0x000000077155ada8,0x0000000785e00000)
  from space 44032K, 0% used [0x0000000785e00000,0x0000000785e00000,0x0000000788900000)
  to   space 46080K, 0% used [0x0000000795500000,0x0000000795500000,0x0000000798200000)
 ParOldGen       total 90624K, used 46875K [0x00000006c2600000, 0x00000006c7e80000, 0x000000076b780000)
  object space 90624K, 51% used [0x00000006c2600000,0x00000006c53c6ce8,0x00000006c7e80000)
 Metaspace       used 36303K, capacity 37026K, committed 37288K, reserved 1081344K
  class space    used 4260K, capacity 4467K, committed 4528K, reserved 1048576K
GC Heap History (10 events):
Event: 15.010 GC heap before
{Heap before GC invocations=7 (full 1):
 PSYoungGen      total 140800K, used 130048K [0x000000076b780000, 0x000000077d380000, 0x00000007c0000000)
  eden space 130048K, 100% used [0x000000076b780000,0x0000000773680000,0x0000000773680000)
  from space 10752K, 0% used [0x0000000773680000,0x0000000773680000,0x0000000774100000)
  to   space 15360K, 0% used [0x000000077c480000,0x000000077c480000,0x000000077d380000)
 ParOldGen       total 90624K, used 12990K [0x00000006c2600000, 0x00000006c7e80000, 0x000000076b780000)
  object space 90624K, 14% used [0x00000006c2600000,0x00000006c32afbd8,0x00000006c7e80000)
 Metaspace       used 24166K, capacity 24730K, committed 25008K, reserved 1071104K
  class space    used 2796K, capacity 2936K, committed 2992K, reserved 1048576K
Event: 15.054 GC heap after
Heap after GC invocations=7 (full 1):
 PSYoungGen      total 255488K, used 15343K [0x000000076b780000, 0x000000077d380000, 0x00000007c0000000)
  eden space 240128K, 0% used [0x000000076b780000,0x000000076b780000,0x000000077a200000)
  from space 15360K, 99% used [0x000000077c480000,0x000000077d37bef0,0x000000077d380000)
  to   space 19968K, 0% used [0x000000077ac80000,0x000000077ac80000,0x000000077c000000)
 ParOldGen       total 90624K, used 18226K [0x00000006c2600000, 0x00000006c7e80000, 0x000000076b780000)
  object space 90624K, 20% used [0x00000006c2600000,0x00000006c37ccb20,0x00000006c7e80000)
 Metaspace       used 24166K, capacity 24730K, committed 25008K, reserved 1071104K
  class space    used 2796K, capacity 2936K, committed 2992K, reserved 1048576K
}
Event: 17.387 GC heap before
{Heap before GC invocations=8 (full 1):
 PSYoungGen      total 255488K, used 255471K [0x000000076b780000, 0x000000077d380000, 0x00000007c0000000)
  eden space 240128K, 100% used [0x000000076b780000,0x000000077a200000,0x000000077a200000)
  from space 15360K, 99% used [0x000000077c480000,0x000000077d37bef0,0x000000077d380000)
  to   space 19968K, 0% used [0x000000077ac80000,0x000000077ac80000,0x000000077c000000)
 ParOldGen       total 90624K, used 18226K [0x00000006c2600000, 0x00000006c7e80000, 0x000000076b780000)
  object space 90624K, 20% used [0x00000006c2600000,0x00000006c37ccb20,0x00000006c7e80000)
 Metaspace       used 24188K, capacity 24762K, committed 25008K, reserved 1071104K
  class space    used 2798K, capacity 2968K, committed 2992K, reserved 1048576K
Event: 17.546 GC heap after
Heap after GC invocations=8 (full 1):
 PSYoungGen      total 270848K, used 19950K [0x000000076b780000, 0x000000078a880000, 0x00000007c0000000)
  eden space 250880K, 0% used [0x000000076b780000,0x000000076b780000,0x000000077ac80000)
  from space 19968K, 99% used [0x000000077ac80000,0x000000077bffba20,0x000000077c000000)
  to   space 32256K, 0% used [0x0000000788900000,0x0000000788900000,0x000000078a880000)
 ParOldGen       total 90624K, used 38031K [0x00000006c2600000, 0x00000006c7e80000, 0x000000076b780000)
  object space 90624K, 41% used [0x00000006c2600000,0x00000006c4b23cc8,0x00000006c7e80000)
 Metaspace       used 24188K, capacity 24762K, committed 25008K, reserved 1071104K
  class space    used 2798K, capacity 2968K, committed 2992K, reserved 1048576K
}
Event: 21.093 GC heap before
{Heap before GC invocations=9 (full 1):
 PSYoungGen      total 270848K, used 270830K [0x000000076b780000, 0x000000078a880000, 0x00000007c0000000)
  eden space 250880K, 100% used [0x000000076b780000,0x000000077ac80000,0x000000077ac80000)
  from space 19968K, 99% used [0x000000077ac80000,0x000000077bffba20,0x000000077c000000)
  to   space 32256K, 0% used [0x0000000788900000,0x0000000788900000,0x000000078a880000)
 ParOldGen       total 90624K, used 38031K [0x00000006c2600000, 0x00000006c7e80000, 0x000000076b780000)
  object space 90624K, 41% used [0x00000006c2600000,0x00000006c4b23cc8,0x00000006c7e80000)
 Metaspace       used 24191K, capacity 24826K, committed 25008K, reserved 1071104K
  class space    used 2798K, capacity 2968K, committed 2992K, reserved 1048576K
Event: 21.191 GC heap after
Heap after GC invocations=9 (full 1):
 PSYoungGen      total 464896K, used 32231K [0x000000076b780000, 0x000000078ce80000, 0x00000007c0000000)
  eden space 432640K, 0% used [0x000000076b780000,0x000000076b780000,0x0000000785e00000)
  from space 32256K, 99% used [0x0000000788900000,0x000000078a879c60,0x000000078a880000)
  to   space 44032K, 0% used [0x0000000785e00000,0x0000000785e00000,0x0000000788900000)
 ParOldGen       total 90624K, used 53123K [0x00000006c2600000, 0x00000006c7e80000, 0x000000076b780000)
  object space 90624K, 58% used [0x00000006c2600000,0x00000006c59e0e70,0x00000006c7e80000)
 Metaspace       used 24191K, capacity 24826K, committed 25008K, reserved 1071104K
  class space    used 2798K, capacity 2968K, committed 2992K, reserved 1048576K
}
Event: 25.695 GC heap before
{Heap before GC invocations=10 (full 1):
 PSYoungGen      total 464896K, used 281523K [0x000000076b780000, 0x000000078ce80000, 0x00000007c0000000)
  eden space 432640K, 57% used [0x000000076b780000,0x000000077aaf32b8,0x0000000785e00000)
  from space 32256K, 99% used [0x0000000788900000,0x000000078a879c60,0x000000078a880000)
  to   space 44032K, 0% used [0x0000000785e00000,0x0000000785e00000,0x0000000788900000)
 ParOldGen       total 90624K, used 53123K [0x00000006c2600000, 0x00000006c7e80000, 0x000000076b780000)
  object space 90624K, 58% used [0x00000006c2600000,0x00000006c59e0e70,0x00000006c7e80000)
 Metaspace       used 34646K, capacity 35314K, committed 35496K, reserved 1081344K
  class space    used 4071K, capacity 4267K, committed 4272K, reserved 1048576K
Event: 25.731 GC heap after
Heap after GC invocations=10 (full 1):
 PSYoungGen      total 476672K, used 32506K [0x000000076b780000, 0x0000000798200000, 0x00000007c0000000)
  eden space 432640K, 0% used [0x000000076b780000,0x000000076b780000,0x0000000785e00000)
  from space 44032K, 73% used [0x0000000785e00000,0x0000000787dbe830,0x0000000788900000)
  to   space 46080K, 0% used [0x0000000795500000,0x0000000795500000,0x0000000798200000)
 ParOldGen       total 90624K, used 56133K [0x00000006c2600000, 0x00000006c7e80000, 0x000000076b780000)
  object space 90624K, 61% used [0x00000006c2600000,0x00000006c5cd1518,0x00000006c7e80000)
 Metaspace       used 34646K, capacity 35314K, committed 35496K, reserved 1081344K
  class space    used 4071K, capacity 4267K, committed 4272K, reserved 1048576K
}
Event: 25.731 GC heap before
{Heap before GC invocations=11 (full 2):
 PSYoungGen      total 476672K, used 32506K [0x000000076b780000, 0x0000000798200000, 0x00000007c0000000)
  eden space 432640K, 0% used [0x000000076b780000,0x000000076b780000,0x0000000785e00000)
  from space 44032K, 73% used [0x0000000785e00000,0x0000000787dbe830,0x0000000788900000)
  to   space 46080K, 0% used [0x0000000795500000,0x0000000795500000,0x0000000798200000)
 ParOldGen       total 90624K, used 56133K [0x00000006c2600000, 0x00000006c7e80000, 0x000000076b780000)
  object space 90624K, 61% used [0x00000006c2600000,0x00000006c5cd1518,0x00000006c7e80000)
 Metaspace       used 34646K, capacity 35314K, committed 35496K, reserved 1081344K
  class space    used 4071K, capacity 4267K, committed 4272K, reserved 1048576K
Event: 25.826 GC heap after
Heap after GC invocations=11 (full 2):
 PSYoungGen      total 476672K, used 0K [0x000000076b780000, 0x0000000798200000, 0x00000007c0000000)
  eden space 432640K, 0% used [0x000000076b780000,0x000000076b780000,0x0000000785e00000)
  from space 44032K, 0% used [0x0000000785e00000,0x0000000785e00000,0x0000000788900000)
  to   space 46080K, 0% used [0x0000000795500000,0x0000000795500000,0x0000000798200000)
 ParOldGen       total 90624K, used 46875K [0x00000006c2600000, 0x00000006c7e80000, 0x000000076b780000)
  object space 90624K, 51% used [0x00000006c2600000,0x00000006c53c6ce8,0x00000006c7e80000)
 Metaspace       used 34646K, capacity 35314K, committed 35496K, reserved 1081344K
  class space    used 4071K, capacity 4267K, committed 4272K, reserved 1048576K
}

