# JRE version: Java(TM) SE Runtime Environment (8.0_171-b11) (build 1.8.0_171-b11)
# Java VM: Java HotSpot(TM) 64-Bit Server VM (25.171-b11 mixed mode windows-amd64 compressed oops)
Heap:
 PSYoungGen      total 118784K, used 116161K [0x000000076b780000, 0x0000000775080000, 0x00000007c0000000)
  eden space 107008K, 97% used [0x000000076b780000,0x0000000771d74cb8,0x0000000772000000)
  from space 11776K, 99% used [0x0000000774500000,0x000000077507b978,0x0000000775080000)
  to   space 14336K, 0% used [0x0000000773480000,0x0000000773480000,0x0000000774280000)
 ParOldGen       total 103424K, used 30352K [0x00000006c2600000, 0x00000006c8b00000, 0x000000076b780000)
  object space 103424K, 29% used [0x00000006c2600000,0x00000006c43a4288,0x00000006c8b00000)
 Metaspace       used 24190K, capacity 24766K, committed 25008K, reserved 1071104K
  class space    used 2800K, capacity 2968K, committed 2992K, reserved 1048576K
GC Heap History (10 events):
Event: 8.438 GC heap before
{Heap before GC invocations=5 (full 0):
 PSYoungGen      total 75776K, used 18612K [0x000000076b780000, 0x0000000770c00000, 0x00000007c0000000)
  eden space 65024K, 12% used [0x000000076b780000,0x000000076bf330d8,0x000000076f700000)
  from space 10752K, 99% used [0x0000000770180000,0x0000000770bfa040,0x0000000770c00000)
  to   space 10752K, 0% used [0x000000076f700000,0x000000076f700000,0x0000000770180000)
 ParOldGen       total 173568K, used 4705K [0x00000006c2600000, 0x00000006ccf80000, 0x000000076b780000)
  object space 173568K, 2% used [0x00000006c2600000,0x00000006c2a98568,0x00000006ccf80000)
 Metaspace       used 20678K, capacity 21174K, committed 21296K, reserved 1069056K
  class space    used 2415K, capacity 2561K, committed 2608K, reserved 1048576K
Event: 8.450 GC heap after
Heap after GC invocations=5 (full 0):
 PSYoungGen      total 75776K, used 10728K [0x000000076b780000, 0x0000000775380000, 0x00000007c0000000)
  eden space 65024K, 0% used [0x000000076b780000,0x000000076b780000,0x000000076f700000)
  from space 10752K, 99% used [0x000000076f700000,0x000000077017a040,0x0000000770180000)
  to   space 14848K, 0% used [0x0000000774500000,0x0000000774500000,0x0000000775380000)
 ParOldGen       total 173568K, used 5413K [0x00000006c2600000, 0x00000006ccf80000, 0x000000076b780000)
  object space 173568K, 3% used [0x00000006c2600000,0x00000006c2b497b0,0x00000006ccf80000)
 Metaspace       used 20678K, capacity 21174K, committed 21296K, reserved 1069056K
  class space    used 2415K, capacity 2561K, committed 2608K, reserved 1048576K
}
Event: 8.451 GC heap before
{Heap before GC invocations=6 (full 1):
 PSYoungGen      total 75776K, used 10728K [0x000000076b780000, 0x0000000775380000, 0x00000007c0000000)
  eden space 65024K, 0% used [0x000000076b780000,0x000000076b780000,0x000000076f700000)
  from space 10752K, 99% used [0x000000076f700000,0x000000077017a040,0x0000000770180000)
  to   space 14848K, 0% used [0x0000000774500000,0x0000000774500000,0x0000000775380000)
 ParOldGen       total 173568K, used 5413K [0x00000006c2600000, 0x00000006ccf80000, 0x000000076b780000)
  object space 173568K, 3% used [0x00000006c2600000,0x00000006c2b497b0,0x00000006ccf80000)
 Metaspace       used 20678K, capacity 21174K, committed 21296K, reserved 1069056K
  class space    used 2415K, capacity 2561K, committed 2608K, reserved 1048576K
Event: 8.545 GC heap after
Heap after GC invocations=6 (full 1):
 PSYoungGen      total 75776K, used 0K [0x000000076b780000, 0x0000000775380000, 0x00000007c0000000)
  eden space 65024K, 0% used [0x000000076b780000,0x000000076b780000,0x000000076f700000)
  from space 10752K, 0% used [0x000000076f700000,0x000000076f700000,0x0000000770180000)
  to   space 14848K, 0% used [0x0000000774500000,0x0000000774500000,0x0000000775380000)
 ParOldGen       total 103424K, used 13121K [0x00000006c2600000, 0x00000006c8b00000, 0x000000076b780000)
  object space 103424K, 12% used [0x00000006c2600000,0x00000006c32d0778,0x00000006c8b00000)
 Metaspace       used 20678K, capacity 21174K, committed 21296K, reserved 1069056K
  class space    used 2415K, capacity 2561K, committed 2608K, reserved 1048576K
}
Event: 10.712 GC heap before
{Heap before GC invocations=7 (full 1):
 PSYoungGen      total 75776K, used 65024K [0x000000076b780000, 0x0000000775380000, 0x00000007c0000000)
  eden space 65024K, 100% used [0x000000076b780000,0x000000076f700000,0x000000076f700000)
  from space 10752K, 0% used [0x000000076f700000,0x000000076f700000,0x0000000770180000)
  to   space 14848K, 0% used [0x0000000774500000,0x0000000774500000,0x0000000775380000)
 ParOldGen       total 103424K, used 13121K [0x00000006c2600000, 0x00000006c8b00000, 0x000000076b780000)
  object space 103424K, 12% used [0x00000006c2600000,0x00000006c32d0778,0x00000006c8b00000)
 Metaspace       used 24132K, capacity 24730K, committed 25008K, reserved 1071104K
  class space    used 2796K, capacity 2936K, committed 2992K, reserved 1048576K
Event: 10.733 GC heap after
Heap after GC invocations=7 (full 1):
 PSYoungGen      total 118784K, used 11495K [0x000000076b780000, 0x0000000775080000, 0x00000007c0000000)
  eden space 107008K, 0% used [0x000000076b780000,0x000000076b780000,0x0000000772000000)
  from space 11776K, 97% used [0x0000000774500000,0x0000000775039de0,0x0000000775080000)
  to   space 14336K, 0% used [0x0000000773480000,0x0000000773480000,0x0000000774280000)
 ParOldGen       total 103424K, used 13193K [0x00000006c2600000, 0x00000006c8b00000, 0x000000076b780000)
  object space 103424K, 12% used [0x00000006c2600000,0x00000006c32e2788,0x00000006c8b00000)
 Metaspace       used 24132K, capacity 24730K, committed 25008K, reserved 1071104K
  class space    used 2796K, capacity 2936K, committed 2992K, reserved 1048576K
}
Event: 11.407 GC heap before
{Heap before GC invocations=8 (full 1):
 PSYoungGen      total 118784K, used 118503K [0x000000076b780000, 0x0000000775080000, 0x00000007c0000000)
  eden space 107008K, 100% used [0x000000076b780000,0x0000000772000000,0x0000000772000000)
  from space 11776K, 97% used [0x0000000774500000,0x0000000775039de0,0x0000000775080000)
  to   space 14336K, 0% used [0x0000000773480000,0x0000000773480000,0x0000000774280000)
 ParOldGen       total 103424K, used 13193K [0x00000006c2600000, 0x00000006c8b00000, 0x000000076b780000)
  object space 103424K, 12% used [0x00000006c2600000,0x00000006c32e2788,0x00000006c8b00000)
 Metaspace       used 24184K, capacity 24762K, committed 25008K, reserved 1071104K
  class space    used 2799K, capacity 2968K, committed 2992K, reserved 1048576K
Event: 11.435 GC heap after
Heap after GC invocations=8 (full 1):
 PSYoungGen      total 121344K, used 14321K [0x000000076b780000, 0x0000000775080000, 0x00000007c0000000)
  eden space 107008K, 0% used [0x000000076b780000,0x000000076b780000,0x0000000772000000)
  from space 14336K, 99% used [0x0000000773480000,0x000000077427c7e8,0x0000000774280000)
  to   space 11776K, 0% used [0x0000000774500000,0x0000000774500000,0x0000000775080000)
 ParOldGen       total 103424K, used 19118K [0x00000006c2600000, 0x00000006c8b00000, 0x000000076b780000)
  object space 103424K, 18% used [0x00000006c2600000,0x00000006c38abb98,0x00000006c8b00000)
 Metaspace       used 24184K, capacity 24762K, committed 25008K, reserved 1071104K
  class space    used 2799K, capacity 2968K, committed 2992K, reserved 1048576K
}
Event: 12.270 GC heap before
{Heap before GC invocations=9 (full 1):
 PSYoungGen      total 121344K, used 121329K [0x000000076b780000, 0x0000000775080000, 0x00000007c0000000)
  eden space 107008K, 100% used [0x000000076b780000,0x0000000772000000,0x0000000772000000)
  from space 14336K, 99% used [0x0000000773480000,0x000000077427c7e8,0x0000000774280000)
  to   space 11776K, 0% used [0x0000000774500000,0x0000000774500000,0x0000000775080000)
 ParOldGen       total 103424K, used 19118K [0x00000006c2600000, 0x00000006c8b00000, 0x000000076b780000)
  object space 103424K, 18% used [0x00000006c2600000,0x00000006c38abb98,0x00000006c8b00000)
 Metaspace       used 24188K, capacity 24766K, committed 25008K, reserved 1071104K
  class space    used 2800K, capacity 2968K, committed 2992K, reserved 1048576K
Event: 12.362 GC heap after
Heap after GC invocations=9 (full 1):
 PSYoungGen      total 118784K, used 11758K [0x000000076b780000, 0x0000000775080000, 0x00000007c0000000)
  eden space 107008K, 0% used [0x000000076b780000,0x000000076b780000,0x0000000772000000)
  from space 11776K, 99% used [0x0000000774500000,0x000000077507b978,0x0000000775080000)
  to   space 14336K, 0% used [0x0000000773480000,0x0000000773480000,0x0000000774280000)
 ParOldGen       total 103424K, used 30352K [0x00000006c2600000, 0x00000006c8b00000, 0x000000076b780000)
  object space 103424K, 29% used [0x00000006c2600000,0x00000006c43a4288,0x00000006c8b00000)
 Metaspace       used 24188K, capacity 24766K, committed 25008K, reserved 1071104K
  class space    used 2800K, capacity 2968K, committed 2992K, reserved 1048576K
}

