# JRE version: Java(TM) SE Runtime Environment (8.0_171-b11) (build 1.8.0_171-b11)
# Java VM: Java HotSpot(TM) 64-Bit Server VM (25.171-b11 mixed mode windows-amd64 compressed oops)
Heap:
 PSYoungGen      total 145920K, used 125525K [0x000000076b780000, 0x0000000778400000, 0x00000007c0000000)
  eden space 127488K, 84% used [0x000000076b780000,0x0000000772017aa8,0x0000000773400000)
  from space 18432K, 99% used [0x0000000777200000,0x00000007783fdc80,0x0000000778400000)
  to   space 14848K, 0% used [0x0000000773400000,0x0000000773400000,0x0000000774280000)
 ParOldGen       total 105472K, used 27873K [0x00000006c2600000, 0x00000006c8d00000, 0x000000076b780000)
  object space 105472K, 26% used [0x00000006c2600000,0x00000006c4138678,0x00000006c8d00000)
 Metaspace       used 24218K, capacity 24840K, committed 25008K, reserved 1071104K
  class space    used 2803K, capacity 2970K, committed 2992K, reserved 1048576K
GC Heap History (10 events):
Event: 6.019 GC heap before
{Heap before GC invocations=5 (full 0):
 PSYoungGen      total 75776K, used 23752K [0x000000076b780000, 0x0000000770c00000, 0x00000007c0000000)
  eden space 65024K, 20% used [0x000000076b780000,0x000000076c434330,0x000000076f700000)
  from space 10752K, 99% used [0x0000000770180000,0x0000000770bfe030,0x0000000770c00000)
  to   space 10752K, 0% used [0x000000076f700000,0x000000076f700000,0x0000000770180000)
 ParOldGen       total 173568K, used 4606K [0x00000006c2600000, 0x00000006ccf80000, 0x000000076b780000)
  object space 173568K, 2% used [0x00000006c2600000,0x00000006c2a7f978,0x00000006ccf80000)
 Metaspace       used 20687K, capacity 21174K, committed 21296K, reserved 1069056K
  class space    used 2414K, capacity 2561K, committed 2608K, reserved 1048576K
Event: 6.032 GC heap after
Heap after GC invocations=5 (full 0):
 PSYoungGen      total 75776K, used 10728K [0x000000076b780000, 0x0000000775480000, 0x00000007c0000000)
  eden space 65024K, 0% used [0x000000076b780000,0x000000076b780000,0x000000076f700000)
  from space 10752K, 99% used [0x000000076f700000,0x000000077017a040,0x0000000770180000)
  to   space 15360K, 0% used [0x0000000774580000,0x0000000774580000,0x0000000775480000)
 ParOldGen       total 173568K, used 6086K [0x00000006c2600000, 0x00000006ccf80000, 0x000000076b780000)
  object space 173568K, 3% used [0x00000006c2600000,0x00000006c2bf1920,0x00000006ccf80000)
 Metaspace       used 20687K, capacity 21174K, committed 21296K, reserved 1069056K
  class space    used 2414K, capacity 2561K, committed 2608K, reserved 1048576K
}
Event: 6.032 GC heap before
{Heap before GC invocations=6 (full 1):
 PSYoungGen      total 75776K, used 10728K [0x000000076b780000, 0x0000000775480000, 0x00000007c0000000)
  eden space 65024K, 0% used [0x000000076b780000,0x000000076b780000,0x000000076f700000)
  from space 10752K, 99% used [0x000000076f700000,0x000000077017a040,0x0000000770180000)
  to   space 15360K, 0% used [0x0000000774580000,0x0000000774580000,0x0000000775480000)
 ParOldGen       total 173568K, used 6086K [0x00000006c2600000, 0x00000006ccf80000, 0x000000076b780000)
  object space 173568K, 3% used [0x00000006c2600000,0x00000006c2bf1920,0x00000006ccf80000)
 Metaspace       used 20687K, capacity 21174K, committed 21296K, reserved 1069056K
  class space    used 2414K, capacity 2561K, committed 2608K, reserved 1048576K
Event: 6.109 GC heap after
Heap after GC invocations=6 (full 1):
 PSYoungGen      total 75776K, used 0K [0x000000076b780000, 0x0000000775480000, 0x00000007c0000000)
  eden space 65024K, 0% used [0x000000076b780000,0x000000076b780000,0x000000076f700000)
  from space 10752K, 0% used [0x000000076f700000,0x000000076f700000,0x0000000770180000)
  to   space 15360K, 0% used [0x0000000774580000,0x0000000774580000,0x0000000775480000)
 ParOldGen       total 105472K, used 13895K [0x00000006c2600000, 0x00000006c8d00000, 0x000000076b780000)
  object space 105472K, 13% used [0x00000006c2600000,0x00000006c3391dd0,0x00000006c8d00000)
 Metaspace       used 20687K, capacity 21174K, committed 21296K, reserved 1069056K
  class space    used 2414K, capacity 2561K, committed 2608K, reserved 1048576K
}
Event: 7.091 GC heap before
{Heap before GC invocations=7 (full 1):
 PSYoungGen      total 75776K, used 65024K [0x000000076b780000, 0x0000000775480000, 0x00000007c0000000)
  eden space 65024K, 100% used [0x000000076b780000,0x000000076f700000,0x000000076f700000)
  from space 10752K, 0% used [0x000000076f700000,0x000000076f700000,0x0000000770180000)
  to   space 15360K, 0% used [0x0000000774580000,0x0000000774580000,0x0000000775480000)
 ParOldGen       total 105472K, used 13895K [0x00000006c2600000, 0x00000006c8d00000, 0x000000076b780000)
  object space 105472K, 13% used [0x00000006c2600000,0x00000006c3391dd0,0x00000006c8d00000)
 Metaspace       used 24156K, capacity 24730K, committed 25008K, reserved 1071104K
  class space    used 2796K, capacity 2936K, committed 2992K, reserved 1048576K
Event: 7.105 GC heap after
Heap after GC invocations=7 (full 1):
 PSYoungGen      total 117248K, used 11497K [0x000000076b780000, 0x0000000775100000, 0x00000007c0000000)
  eden space 105472K, 0% used [0x000000076b780000,0x000000076b780000,0x0000000771e80000)
  from space 11776K, 97% used [0x0000000774580000,0x00000007750ba6f8,0x0000000775100000)
  to   space 14848K, 0% used [0x0000000773400000,0x0000000773400000,0x0000000774280000)
 ParOldGen       total 105472K, used 13903K [0x00000006c2600000, 0x00000006c8d00000, 0x000000076b780000)
  object space 105472K, 13% used [0x00000006c2600000,0x00000006c3393dd0,0x00000006c8d00000)
 Metaspace       used 24156K, capacity 24730K, committed 25008K, reserved 1071104K
  class space    used 2796K, capacity 2936K, committed 2992K, reserved 1048576K
}
Event: 7.782 GC heap before
{Heap before GC invocations=8 (full 1):
 PSYoungGen      total 117248K, used 116969K [0x000000076b780000, 0x0000000775100000, 0x00000007c0000000)
  eden space 105472K, 100% used [0x000000076b780000,0x0000000771e80000,0x0000000771e80000)
  from space 11776K, 97% used [0x0000000774580000,0x00000007750ba6f8,0x0000000775100000)
  to   space 14848K, 0% used [0x0000000773400000,0x0000000773400000,0x0000000774280000)
 ParOldGen       total 105472K, used 13903K [0x00000006c2600000, 0x00000006c8d00000, 0x000000076b780000)
  object space 105472K, 13% used [0x00000006c2600000,0x00000006c3393dd0,0x00000006c8d00000)
 Metaspace       used 24195K, capacity 24744K, committed 25008K, reserved 1071104K
  class space    used 2799K, capacity 2938K, committed 2992K, reserved 1048576K
Event: 7.800 GC heap after
Heap after GC invocations=8 (full 1):
 PSYoungGen      total 142336K, used 14825K [0x000000076b780000, 0x0000000778400000, 0x00000007c0000000)
  eden space 127488K, 0% used [0x000000076b780000,0x000000076b780000,0x0000000773400000)
  from space 14848K, 99% used [0x0000000773400000,0x000000077427a728,0x0000000774280000)
  to   space 18432K, 0% used [0x0000000777200000,0x0000000777200000,0x0000000778400000)
 ParOldGen       total 105472K, used 19219K [0x00000006c2600000, 0x00000006c8d00000, 0x000000076b780000)
  object space 105472K, 18% used [0x00000006c2600000,0x00000006c38c4ca8,0x00000006c8d00000)
 Metaspace       used 24195K, capacity 24744K, committed 25008K, reserved 1071104K
  class space    used 2799K, capacity 2938K, committed 2992K, reserved 1048576K
}
Event: 8.356 GC heap before
{Heap before GC invocations=9 (full 1):
 PSYoungGen      total 142336K, used 142313K [0x000000076b780000, 0x0000000778400000, 0x00000007c0000000)
  eden space 127488K, 100% used [0x000000076b780000,0x0000000773400000,0x0000000773400000)
  from space 14848K, 99% used [0x0000000773400000,0x000000077427a728,0x0000000774280000)
  to   space 18432K, 0% used [0x0000000777200000,0x0000000777200000,0x0000000778400000)
 ParOldGen       total 105472K, used 19219K [0x00000006c2600000, 0x00000006c8d00000, 0x000000076b780000)
  object space 105472K, 18% used [0x00000006c2600000,0x00000006c38c4ca8,0x00000006c8d00000)
 Metaspace       used 24196K, capacity 24744K, committed 25008K, reserved 1071104K
  class space    used 2799K, capacity 2938K, committed 2992K, reserved 1048576K
Event: 8.383 GC heap after
Heap after GC invocations=9 (full 1):
 PSYoungGen      total 145920K, used 18423K [0x000000076b780000, 0x0000000778400000, 0x00000007c0000000)
  eden space 127488K, 0% used [0x000000076b780000,0x000000076b780000,0x0000000773400000)
  from space 18432K, 99% used [0x0000000777200000,0x00000007783fdc80,0x0000000778400000)
  to   space 14848K, 0% used [0x0000000773400000,0x0000000773400000,0x0000000774280000)
 ParOldGen       total 105472K, used 27873K [0x00000006c2600000, 0x00000006c8d00000, 0x000000076b780000)
  object space 105472K, 26% used [0x00000006c2600000,0x00000006c4138678,0x00000006c8d00000)
 Metaspace       used 24196K, capacity 24744K, committed 25008K, reserved 1071104K
  class space    used 2799K, capacity 2938K, committed 2992K, reserved 1048576K
}

