# JRE version: Java(TM) SE Runtime Environment (8.0_171-b11) (build 1.8.0_171-b11)
# Java VM: Java HotSpot(TM) 64-Bit Server VM (25.171-b11 mixed mode windows-amd64 compressed oops)
Heap:
 PSYoungGen      total 75776K, used 22418K [0x000000076b780000, 0x0000000770c00000, 0x00000007c0000000)
  eden space 65024K, 17% used [0x000000076b780000,0x000000076c2e6958,0x000000076f700000)
  from space 10752K, 99% used [0x0000000770180000,0x0000000770bfe050,0x0000000770c00000)
  to   space 10752K, 99% used [0x000000076f700000,0x000000077017a060,0x0000000770180000)
 ParOldGen       total 173568K, used 4941K [0x00000006c2600000, 0x00000006ccf80000, 0x000000076b780000)
  object space 173568K, 2% used [0x00000006c2600000,0x00000006c2adb830,0x00000006ccf80000)
 Metaspace       used 20723K, capacity 21174K, committed 21296K, reserved 1069056K
  class space    used 2419K, capacity 2561K, committed 2608K, reserved 1048576K
GC Heap History (8 events):
Event: 6.047 GC heap before
{Heap before GC invocations=1 (full 0):
 PSYoungGen      total 75776K, used 65024K [0x000000076b780000, 0x0000000770c00000, 0x00000007c0000000)
  eden space 65024K, 100% used [0x000000076b780000,0x000000076f700000,0x000000076f700000)
  from space 10752K, 0% used [0x0000000770180000,0x0000000770180000,0x0000000770c00000)
  to   space 10752K, 0% used [0x000000076f700000,0x000000076f700000,0x0000000770180000)
 ParOldGen       total 173568K, used 0K [0x00000006c2600000, 0x00000006ccf80000, 0x000000076b780000)
  object space 173568K, 0% used [0x00000006c2600000,0x00000006c2600000,0x00000006ccf80000)
 Metaspace       used 11443K, capacity 11684K, committed 12032K, reserved 1060864K
  class space    used 1394K, capacity 1445K, committed 1536K, reserved 1048576K
Event: 6.061 GC heap after
Heap after GC invocations=1 (full 0):
 PSYoungGen      total 75776K, used 9067K [0x000000076b780000, 0x0000000770c00000, 0x00000007c0000000)
  eden space 65024K, 0% used [0x000000076b780000,0x000000076b780000,0x000000076f700000)
  from space 10752K, 84% used [0x000000076f700000,0x000000076ffdacb8,0x0000000770180000)
  to   space 10752K, 0% used [0x0000000770180000,0x0000000770180000,0x0000000770c00000)
 ParOldGen       total 173568K, used 16K [0x00000006c2600000, 0x00000006ccf80000, 0x000000076b780000)
  object space 173568K, 0% used [0x00000006c2600000,0x00000006c2604000,0x00000006ccf80000)
 Metaspace       used 11443K, capacity 11684K, committed 12032K, reserved 1060864K
  class space    used 1394K, capacity 1445K, committed 1536K, reserved 1048576K
}
Event: 8.744 GC heap before
{Heap before GC invocations=2 (full 0):
 PSYoungGen      total 75776K, used 74091K [0x000000076b780000, 0x0000000770c00000, 0x00000007c0000000)
  eden space 65024K, 100% used [0x000000076b780000,0x000000076f700000,0x000000076f700000)
  from space 10752K, 84% used [0x000000076f700000,0x000000076ffdacb8,0x0000000770180000)
  to   space 10752K, 0% used [0x0000000770180000,0x0000000770180000,0x0000000770c00000)
 ParOldGen       total 173568K, used 16K [0x00000006c2600000, 0x00000006ccf80000, 0x000000076b780000)
  object space 173568K, 0% used [0x00000006c2600000,0x00000006c2604000,0x00000006ccf80000)
 Metaspace       used 15966K, capacity 16256K, committed 16384K, reserved 1062912K
  class space    used 1930K, capacity 2010K, committed 2048K, reserved 1048576K
Event: 8.779 GC heap after
Heap after GC invocations=2 (full 0):
 PSYoungGen      total 75776K, used 10509K [0x000000076b780000, 0x0000000770c00000, 0x00000007c0000000)
  eden space 65024K, 0% used [0x000000076b780000,0x000000076b780000,0x000000076f700000)
  from space 10752K, 97% used [0x0000000770180000,0x0000000770bc3620,0x0000000770c00000)
  to   space 10752K, 0% used [0x000000076f700000,0x000000076f700000,0x0000000770180000)
 ParOldGen       total 173568K, used 24K [0x00000006c2600000, 0x00000006ccf80000, 0x000000076b780000)
  object space 173568K, 0% used [0x00000006c2600000,0x00000006c2606000,0x00000006ccf80000)
 Metaspace       used 15966K, capacity 16256K, committed 16384K, reserved 1062912K
  class space    used 1930K, capacity 2010K, committed 2048K, reserved 1048576K
}
Event: 9.899 GC heap before
{Heap before GC invocations=3 (full 0):
 PSYoungGen      total 75776K, used 75533K [0x000000076b780000, 0x0000000770c00000, 0x00000007c0000000)
  eden space 65024K, 100% used [0x000000076b780000,0x000000076f700000,0x000000076f700000)
  from space 10752K, 97% used [0x0000000770180000,0x0000000770bc3620,0x0000000770c00000)
  to   space 10752K, 0% used [0x000000076f700000,0x000000076f700000,0x0000000770180000)
 ParOldGen       total 173568K, used 24K [0x00000006c2600000, 0x00000006ccf80000, 0x000000076b780000)
  object space 173568K, 0% used [0x00000006c2600000,0x00000006c2606000,0x00000006ccf80000)
 Metaspace       used 17078K, capacity 17430K, committed 17792K, reserved 1064960K
  class space    used 2022K, capacity 2119K, committed 2176K, reserved 1048576K
Event: 9.919 GC heap after
Heap after GC invocations=3 (full 0):
 PSYoungGen      total 75776K, used 10728K [0x000000076b780000, 0x0000000770c00000, 0x00000007c0000000)
  eden space 65024K, 0% used [0x000000076b780000,0x000000076b780000,0x000000076f700000)
  from space 10752K, 99% used [0x000000076f700000,0x000000077017a020,0x0000000770180000)
  to   space 10752K, 0% used [0x0000000770180000,0x0000000770180000,0x0000000770c00000)
 ParOldGen       total 173568K, used 501K [0x00000006c2600000, 0x00000006ccf80000, 0x000000076b780000)
  object space 173568K, 0% used [0x00000006c2600000,0x00000006c267d760,0x00000006ccf80000)
 Metaspace       used 17078K, capacity 17430K, committed 17792K, reserved 1064960K
  class space    used 2022K, capacity 2119K, committed 2176K, reserved 1048576K
}
Event: 11.347 GC heap before
{Heap before GC invocations=4 (full 0):
 PSYoungGen      total 75776K, used 75752K [0x000000076b780000, 0x0000000770c00000, 0x00000007c0000000)
  eden space 65024K, 100% used [0x000000076b780000,0x000000076f700000,0x000000076f700000)
  from space 10752K, 99% used [0x000000076f700000,0x000000077017a020,0x0000000770180000)
  to   space 10752K, 0% used [0x0000000770180000,0x0000000770180000,0x0000000770c00000)
 ParOldGen       total 173568K, used 501K [0x00000006c2600000, 0x00000006ccf80000, 0x000000076b780000)
  object space 173568K, 0% used [0x00000006c2600000,0x00000006c267d760,0x00000006ccf80000)
 Metaspace       used 19220K, capacity 19734K, committed 19840K, reserved 1067008K
  class space    used 2256K, capacity 2401K, committed 2432K, reserved 1048576K
Event: 11.384 GC heap after
Heap after GC invocations=4 (full 0):
 PSYoungGen      total 75776K, used 10744K [0x000000076b780000, 0x0000000770c00000, 0x00000007c0000000)
  eden space 65024K, 0% used [0x000000076b780000,0x000000076b780000,0x000000076f700000)
  from space 10752K, 99% used [0x0000000770180000,0x0000000770bfe050,0x0000000770c00000)
  to   space 10752K, 0% used [0x000000076f700000,0x000000076f700000,0x0000000770180000)
 ParOldGen       total 173568K, used 4533K [0x00000006c2600000, 0x00000006ccf80000, 0x000000076b780000)
  object space 173568K, 2% used [0x00000006c2600000,0x00000006c2a6d418,0x00000006ccf80000)
 Metaspace       used 19220K, capacity 19734K, committed 19840K, reserved 1067008K
  class space    used 2256K, capacity 2401K, committed 2432K, reserved 1048576K
}

